<?xml version="1.0" encoding="UTF-8"?>
<testng-results ignored="0" total="1" passed="1" failed="0" skipped="0">
  <reporter-output>
  </reporter-output>
  <suite started-at="2022-04-11T19:07:28 IST" name="Default suite" finished-at="2022-04-11T19:08:01 IST" duration-ms="32428">
    <groups>
    </groups>
    <test started-at="2022-04-11T19:07:28 IST" name="Default test" finished-at="2022-04-11T19:08:01 IST" duration-ms="32428">
      <class name="com.aspireapp.odoo.tests.ProductPageTest">
        <test-method signature="ProductInfo()[pri:0, instance:com.aspireapp.odoo.tests.ProductPageTest@32ee6fee]" started-at="2022-04-11T19:07:28 IST" name="ProductInfo" finished-at="2022-04-11T19:08:01 IST" duration-ms="32331" status="PASS">
          <reporter-output>
          </reporter-output>
        </test-method> <!-- ProductInfo -->
      </class> <!-- com.aspireapp.odoo.tests.ProductPageTest -->
    </test> <!-- Default test -->
  </suite> <!-- Default suite -->
</testng-results>
